#-----------------------------------------------------------
# Vivado v2019.1 (64-bit)
# SW Build 2552052 on Fri May 24 14:49:42 MDT 2019
# IP Build 2548770 on Fri May 24 18:01:18 MDT 2019
# Start of session at: Wed Jun 26 15:53:21 2024
# Process ID: 16984
# Current directory: C:/Users/Jean-Charles Mve/Documents/DSD2 Hw/DSD2_Project6
# Command line: vivado.exe -gui_launcher_event rodinguilauncherevent37164 C:\Users\Jean-Charles Mve\Documents\DSD2 Hw\DSD2_Project6\DSD2_Project6.xpr
# Log file: C:/Users/Jean-Charles Mve/Documents/DSD2 Hw/DSD2_Project6/vivado.log
# Journal file: C:/Users/Jean-Charles Mve/Documents/DSD2 Hw/DSD2_Project6\vivado.jou
#-----------------------------------------------------------
start_gui
open_project {C:/Users/Jean-Charles Mve/Documents/DSD2 Hw/DSD2_Project6/DSD2_Project6.xpr}
Scanning sources...
Finished scanning sources
INFO: [IP_Flow 19-234] Refreshing IP repositories
INFO: [IP_Flow 19-1704] No user IP repositories specified
INFO: [IP_Flow 19-2313] Loaded Vivado IP repository 'C:/Xilinx/Vivado/2019.1/data/ip'.
open_project: Time (s): cpu = 00:00:04 ; elapsed = 00:00:07 . Memory (MB): peak = 768.051 ; gain = 106.812
update_compile_order -fileset sources_1
